2021/05/21 15:11:01 [emerg] 9#9: unexpected "}" in /etc/nginx/sites-available/default.conf:18
2021/05/21 15:13:04 [emerg] 9#9: unexpected "}" in /etc/nginx/sites-available/default.conf:18
2021/05/21 15:21:45 [emerg] 8#8: host not found in upstream "php:80" in /etc/nginx/sites-available/default.conf:2
2021/05/21 15:22:43 [emerg] 8#8: invalid host in upstream "http://heli.test:80" in /etc/nginx/sites-available/default.conf:2
2021/05/21 15:23:26 [emerg] 10#10: invalid host in upstream "http://192.168.48.4" in /etc/nginx/sites-available/default.conf:2
2021/05/21 15:24:19 [emerg] 8#8: invalid host in upstream "http://192.168.48.4" in /etc/nginx/sites-available/default.conf:2
2021/05/21 15:27:33 [emerg] 9#9: invalid host in upstream "http://192.168.48.4" in /etc/nginx/sites-available/default.conf:2
2021/05/21 15:39:47 [emerg] 8#8: host not found in upstream "php:80" in /etc/nginx/sites-available/default.conf:2
2021/05/21 15:48:35 [emerg] 9#9: unexpected "}" in /etc/nginx/sites-available/default.conf:22
2021/05/21 15:50:21 [emerg] 9#9: host not found in upstream "php:80" in /etc/nginx/sites-available/default.conf:2
2021/05/21 16:00:17 [emerg] 9#9: unexpected "}" in /etc/nginx/sites-available/default.conf:18
2021/05/21 16:01:02 [emerg] 8#8: unexpected "}" in /etc/nginx/sites-available/default.conf:18
2021/05/21 16:01:23 [emerg] 9#9: duplicate location "/" in /etc/nginx/sites-available/default.conf:20
2021/05/21 16:10:36 [emerg] 9#9: host not found in upstream "php:80" in /etc/nginx/conf.d/upstream.conf:6
2021/05/21 16:17:03 [emerg] 8#8: host not found in upstream "php:80" in /etc/nginx/conf.d/upstream.conf:6
2021/05/21 17:25:14 [emerg] 9#9: host not found in upstream "php:80" in /etc/nginx/conf.d/upstream.conf:6
2021/05/21 17:25:21 [emerg] 8#8: host not found in upstream "php:80" in /etc/nginx/conf.d/upstream.conf:6
2021/05/21 17:29:41 [emerg] 8#8: host not found in upstream "php:80" in /etc/nginx/conf.d/upstream.conf:6
2021/05/21 17:35:29 [emerg] 8#8: host not found in upstream "php:80" in /etc/nginx/conf.d/upstream.conf:6
2021/05/21 18:57:39 [emerg] 8#8: host not found in upstream "php-fpm:9000" in /etc/nginx/conf.d/upstream.conf:2
2021/05/21 20:07:28 [emerg] 9#9: invalid number of arguments in "proxy_pass" directive in /etc/nginx/sites-available/default.conf:17
2021/05/22 05:53:29 [emerg] 8#8: invalid host in upstream "https://www.google.com" in /etc/nginx/conf.d/upstream.conf:10
2021/05/22 05:57:10 [emerg] 10#10: invalid host in upstream "https://www.google.com" in /etc/nginx/conf.d/upstream.conf:10
